<?xml version="1.0" encoding="UTF-8"?>
<testsuite name="pos.machine.PosMachineTest" tests="1" skipped="0" failures="0" errors="0" timestamp="2022-08-30T14:20:52" hostname="MNLITA15-W10" time="0.019">
  <properties/>
  <testcase name="should_return_receipt()" classname="pos.machine.PosMachineTest" time="0.019"/>
  <system-out><![CDATA[itemsITEM000000Coca-Cola43
]]></system-out>
  <system-err><![CDATA[]]></system-err>
</testsuite>
