<?xml version="1.0" encoding="UTF-8"?>
<testsuite name="pos.machine.PosMachineTest" tests="1" skipped="0" failures="0" errors="0" timestamp="2022-08-30T14:31:54" hostname="MNLITA15-W10" time="0.018">
  <properties/>
  <testcase name="should_return_receipt()" classname="pos.machine.PosMachineTest" time="0.018"/>
  <system-out><![CDATA[itemsITEM000004Battery326
]]></system-out>
  <system-err><![CDATA[]]></system-err>
</testsuite>
