<?xml version="1.0" encoding="UTF-8"?>
<testsuite name="pos.machine.PosMachineTest" tests="1" skipped="0" failures="0" errors="0" timestamp="2022-08-30T14:38:58" hostname="MNLITA15-W10" time="0.014">
  <properties/>
  <testcase name="should_return_receipt()" classname="pos.machine.PosMachineTest" time="0.014"/>
  <system-out><![CDATA[itemsITEM000000Battery32624
]]></system-out>
  <system-err><![CDATA[]]></system-err>
</testsuite>
